Watching for file changes with StatReloader
running cron job
Successfully ran update_events command
running cron job
Successfully ran update_events command
C:\VSCode stuff\final\final_project\final_project\settings.py changed, reloading.
Watching for file changes with StatReloader
Watching for file changes with StatReloader
"GET / HTTP/1.1" 200 21001
"GET /static/auctions/styles.css HTTP/1.1" 404 1816
Not Found: /favicon.ico
"GET /favicon.ico HTTP/1.1" 404 3811
"GET /discover HTTP/1.1" 200 20052
"GET /static/auctions/styles.css HTTP/1.1" 404 1816
"POST /discover HTTP/1.1" 200 1530
Internal Server Error: /discover
Traceback (most recent call last):
  File "C:\Users\User\AppData\Local\Programs\Python\Python311\Lib\site-packages\django\core\handlers\exception.py", line 55, in inner
    response = get_response(request)
               ^^^^^^^^^^^^^^^^^^^^^
  File "C:\Users\User\AppData\Local\Programs\Python\Python311\Lib\site-packages\django\core\handlers\base.py", line 197, in _get_response
    response = wrapped_callback(request, *callback_args, **callback_kwargs)
               ^^^^^^^^^^^^^^^^^^^^^^^^^^^^^^^^^^^^^^^^^^^^^^^^^^^^^^^^^^^^
  File "C:\Users\User\AppData\Local\Programs\Python\Python311\Lib\site-packages\django\views\decorators\csrf.py", line 65, in _view_wrapper
    return view_func(request, *args, **kwargs)
           ^^^^^^^^^^^^^^^^^^^^^^^^^^^^^^^^^^^
  File "C:\VSCode stuff\final\final_project\event\views.py", line 151, in discover
    return render(request, 'event/discover.html', {
           ^^^^^^^^^^^^^^^^^^^^^^^^^^^^^^^^^^^^^^^^
  File "C:\Users\User\AppData\Local\Programs\Python\Python311\Lib\site-packages\django\shortcuts.py", line 25, in render
    content = loader.render_to_string(template_name, context, request, using=using)
              ^^^^^^^^^^^^^^^^^^^^^^^^^^^^^^^^^^^^^^^^^^^^^^^^^^^^^^^^^^^^^^^^^^^^^
  File "C:\Users\User\AppData\Local\Programs\Python\Python311\Lib\site-packages\django\template\loader.py", line 62, in render_to_string
    return template.render(context, request)
           ^^^^^^^^^^^^^^^^^^^^^^^^^^^^^^^^^
  File "C:\Users\User\AppData\Local\Programs\Python\Python311\Lib\site-packages\django\template\backends\django.py", line 61, in render
    return self.template.render(context)
           ^^^^^^^^^^^^^^^^^^^^^^^^^^^^^
  File "C:\Users\User\AppData\Local\Programs\Python\Python311\Lib\site-packages\django\template\base.py", line 171, in render
    return self._render(context)
           ^^^^^^^^^^^^^^^^^^^^^
  File "C:\Users\User\AppData\Local\Programs\Python\Python311\Lib\site-packages\django\template\base.py", line 163, in _render
    return self.nodelist.render(context)
           ^^^^^^^^^^^^^^^^^^^^^^^^^^^^^
  File "C:\Users\User\AppData\Local\Programs\Python\Python311\Lib\site-packages\django\template\base.py", line 1000, in render
    return SafeString("".join([node.render_annotated(context) for node in self]))
                              ^^^^^^^^^^^^^^^^^^^^^^^^^^^^^^^^^^^^^^^^^^^^^^^^^
  File "C:\Users\User\AppData\Local\Programs\Python\Python311\Lib\site-packages\django\template\base.py", line 1000, in <listcomp>
    return SafeString("".join([node.render_annotated(context) for node in self]))
                               ^^^^^^^^^^^^^^^^^^^^^^^^^^^^^^
  File "C:\Users\User\AppData\Local\Programs\Python\Python311\Lib\site-packages\django\template\base.py", line 961, in render_annotated
    return self.render(context)
           ^^^^^^^^^^^^^^^^^^^^
  File "C:\Users\User\AppData\Local\Programs\Python\Python311\Lib\site-packages\django\template\loader_tags.py", line 159, in render
    return compiled_parent._render(context)
           ^^^^^^^^^^^^^^^^^^^^^^^^^^^^^^^^
  File "C:\Users\User\AppData\Local\Programs\Python\Python311\Lib\site-packages\django\template\base.py", line 163, in _render
    return self.nodelist.render(context)
           ^^^^^^^^^^^^^^^^^^^^^^^^^^^^^
  File "C:\Users\User\AppData\Local\Programs\Python\Python311\Lib\site-packages\django\template\base.py", line 1000, in render
    return SafeString("".join([node.render_annotated(context) for node in self]))
                              ^^^^^^^^^^^^^^^^^^^^^^^^^^^^^^^^^^^^^^^^^^^^^^^^^
  File "C:\Users\User\AppData\Local\Programs\Python\Python311\Lib\site-packages\django\template\base.py", line 1000, in <listcomp>
    return SafeString("".join([node.render_annotated(context) for node in self]))
                               ^^^^^^^^^^^^^^^^^^^^^^^^^^^^^^
  File "C:\Users\User\AppData\Local\Programs\Python\Python311\Lib\site-packages\django\template\base.py", line 961, in render_annotated
    return self.render(context)
           ^^^^^^^^^^^^^^^^^^^^
  File "C:\Users\User\AppData\Local\Programs\Python\Python311\Lib\site-packages\django\template\defaulttags.py", line 479, in render
    url = reverse(view_name, args=args, kwargs=kwargs, current_app=current_app)
          ^^^^^^^^^^^^^^^^^^^^^^^^^^^^^^^^^^^^^^^^^^^^^^^^^^^^^^^^^^^^^^^^^^^^^
  File "C:\Users\User\AppData\Local\Programs\Python\Python311\Lib\site-packages\django\urls\base.py", line 88, in reverse
    return resolver._reverse_with_prefix(view, prefix, *args, **kwargs)
           ^^^^^^^^^^^^^^^^^^^^^^^^^^^^^^^^^^^^^^^^^^^^^^^^^^^^^^^^^^^^
  File "C:\Users\User\AppData\Local\Programs\Python\Python311\Lib\site-packages\django\urls\resolvers.py", line 851, in _reverse_with_prefix
    raise NoReverseMatch(msg)
django.urls.exceptions.NoReverseMatch: Reverse for 'calender' not found. 'calender' is not a valid view function or pattern name.
"GET /discover HTTP/1.1" 500 151179
"GET /discover HTTP/1.1" 200 20068
"GET /static/auctions/styles.css HTTP/1.1" 404 1816
"GET / HTTP/1.1" 200 21017
"GET /static/auctions/styles.css HTTP/1.1" 404 1816
"GET /calendar HTTP/1.1" 200 18722
"GET /static/auctions/styles.css HTTP/1.1" 404 1816
"GET /calendar HTTP/1.1" 200 18722
"GET /static/auctions/styles.css HTTP/1.1" 404 1816
"GET /calendar HTTP/1.1" 200 18722
"GET /static/auctions/styles.css HTTP/1.1" 404 1816
"GET /create HTTP/1.1" 200 20912
"GET /static/auctions/styles.css HTTP/1.1" 404 1816
"POST /create HTTP/1.1" 302 0
"GET / HTTP/1.1" 200 21419
"GET /static/auctions/styles.css HTTP/1.1" 404 1816
"GET / HTTP/1.1" 200 21419
"GET /static/auctions/styles.css HTTP/1.1" 404 1816
"GET /calendar HTTP/1.1" 200 18950
"GET /static/auctions/styles.css HTTP/1.1" 404 1816
C:\VSCode stuff\final\final_project\event\views.py changed, reloading.
Watching for file changes with StatReloader
"GET /calendar HTTP/1.1" 200 18950
"GET /static/auctions/styles.css HTTP/1.1" 404 1816
"GET /calendar HTTP/1.1" 200 18936
"GET /static/auctions/styles.css HTTP/1.1" 404 1816
"GET /calendar HTTP/1.1" 200 18878
"GET /static/auctions/styles.css HTTP/1.1" 404 1816
"GET /calendar HTTP/1.1" 200 18891
"GET /static/auctions/styles.css HTTP/1.1" 404 1816
"GET /calendar HTTP/1.1" 200 18900
"GET /static/auctions/styles.css HTTP/1.1" 404 1816
"GET /calendar HTTP/1.1" 200 18913
"GET /static/auctions/styles.css HTTP/1.1" 404 1816
"GET /calendar HTTP/1.1" 200 18919
"GET /static/auctions/styles.css HTTP/1.1" 404 1816
"GET /calendar HTTP/1.1" 200 18927
"GET /static/auctions/styles.css HTTP/1.1" 404 1816
"GET /calendar HTTP/1.1" 200 18920
"GET /static/auctions/styles.css HTTP/1.1" 404 1816
C:\VSCode stuff\final\final_project\event\views.py changed, reloading.
Watching for file changes with StatReloader
C:\VSCode stuff\final\final_project\event\views.py changed, reloading.
Watching for file changes with StatReloader
Watching for file changes with StatReloader
"GET / HTTP/1.1" 200 18693
"GET /static/auctions/styles.css HTTP/1.1" 404 1816
"GET /login HTTP/1.1" 200 19313
"GET /static/auctions/styles.css HTTP/1.1" 404 1816
"POST /login HTTP/1.1" 302 0
"GET / HTTP/1.1" 200 21419
"GET /static/auctions/styles.css HTTP/1.1" 404 1816
"GET /create HTTP/1.1" 200 20912
"GET /static/auctions/styles.css HTTP/1.1" 404 1816
"POST /create HTTP/1.1" 302 0
"GET / HTTP/1.1" 200 21818
"GET /static/auctions/styles.css HTTP/1.1" 404 1816
"GET /create HTTP/1.1" 200 20912
"GET /static/auctions/styles.css HTTP/1.1" 404 1816
"POST /create HTTP/1.1" 200 20516
"GET /static/auctions/styles.css HTTP/1.1" 404 1816
"GET /calendar HTTP/1.1" 200 18722
"GET /static/auctions/styles.css HTTP/1.1" 404 1816
"GET / HTTP/1.1" 200 21818
"GET /static/auctions/styles.css HTTP/1.1" 404 1816
"GET /create HTTP/1.1" 200 20912
"GET /static/auctions/styles.css HTTP/1.1" 404 1816
C:\VSCode stuff\final\final_project\event\views.py changed, reloading.
Watching for file changes with StatReloader
"POST /create HTTP/1.1" 302 0
"GET / HTTP/1.1" 200 22213
"GET /static/auctions/styles.css HTTP/1.1" 404 1816
C:\VSCode stuff\final\final_project\event\views.py changed, reloading.
Watching for file changes with StatReloader
Internal Server Error: /
Traceback (most recent call last):
  File "C:\Users\User\AppData\Local\Programs\Python\Python311\Lib\site-packages\django\core\handlers\exception.py", line 55, in inner
    response = get_response(request)
               ^^^^^^^^^^^^^^^^^^^^^
  File "C:\Users\User\AppData\Local\Programs\Python\Python311\Lib\site-packages\django\core\handlers\base.py", line 197, in _get_response
    response = wrapped_callback(request, *callback_args, **callback_kwargs)
               ^^^^^^^^^^^^^^^^^^^^^^^^^^^^^^^^^^^^^^^^^^^^^^^^^^^^^^^^^^^^
  File "C:\VSCode stuff\final\final_project\event\views.py", line 32, in index
    rsvps = RSVP.objects.filter(user=user).order_by('RSVP_deadline')
            ^^^^^^^^^^^^^^^^^^^^^^^^^^^^^^^^^^^^^^^^^^^^^^^^^^^^^^^^
  File "C:\Users\User\AppData\Local\Programs\Python\Python311\Lib\site-packages\django\db\models\query.py", line 1701, in order_by
    obj.query.add_ordering(*field_names)
  File "C:\Users\User\AppData\Local\Programs\Python\Python311\Lib\site-packages\django\db\models\sql\query.py", line 2253, in add_ordering
    self.names_to_path(item.split(LOOKUP_SEP), self.model._meta)
  File "C:\Users\User\AppData\Local\Programs\Python\Python311\Lib\site-packages\django\db\models\sql\query.py", line 1772, in names_to_path
    raise FieldError(
django.core.exceptions.FieldError: Cannot resolve keyword 'RSVP_deadline' into field. Choices are: event, event_id, id, user, user_id
"GET / HTTP/1.1" 500 80775
C:\VSCode stuff\final\final_project\event\views.py changed, reloading.
Watching for file changes with StatReloader
"GET / HTTP/1.1" 200 22213
"GET /static/auctions/styles.css HTTP/1.1" 404 1816
C:\VSCode stuff\final\final_project\event\views.py changed, reloading.
Watching for file changes with StatReloader
Internal Server Error: /
Traceback (most recent call last):
  File "C:\Users\User\AppData\Local\Programs\Python\Python311\Lib\site-packages\django\core\handlers\exception.py", line 55, in inner
    response = get_response(request)
               ^^^^^^^^^^^^^^^^^^^^^
  File "C:\Users\User\AppData\Local\Programs\Python\Python311\Lib\site-packages\django\core\handlers\base.py", line 197, in _get_response
    response = wrapped_callback(request, *callback_args, **callback_kwargs)
               ^^^^^^^^^^^^^^^^^^^^^^^^^^^^^^^^^^^^^^^^^^^^^^^^^^^^^^^^^^^^
  File "C:\VSCode stuff\final\final_project\event\views.py", line 32, in index
    rsvps = RSVP.objects.filter(user=user).event.order_by('RSVP_deadline')
            ^^^^^^^^^^^^^^^^^^^^^^^^^^^^^^^^^^^^
AttributeError: 'QuerySet' object has no attribute 'event'
"GET / HTTP/1.1" 500 65758
C:\VSCode stuff\final\final_project\event\views.py changed, reloading.
Watching for file changes with StatReloader
"GET / HTTP/1.1" 200 22213
"GET /static/auctions/styles.css HTTP/1.1" 404 1816
Not Found: /favicon.ico
- Broken pipe from ('127.0.0.1', 60162)
"GET /event/8804/ HTTP/1.1" 200 18981
"GET /static/auctions/styles.css HTTP/1.1" 404 1816
"GET /event/5053/ HTTP/1.1" 200 18991
"GET /static/auctions/styles.css HTTP/1.1" 404 1816
"GET /event/5532/ HTTP/1.1" 200 18986
"GET /static/auctions/styles.css HTTP/1.1" 404 1816
Not Found: /favicon.ico
- Broken pipe from ('127.0.0.1', 60175)
"GET / HTTP/1.1" 200 22213
C:\VSCode stuff\final\final_project\event\views.py changed, reloading.
Watching for file changes with StatReloader
"GET /static/auctions/styles.css HTTP/1.1" 404 1816
"GET / HTTP/1.1" 200 22213
"GET /static/auctions/styles.css HTTP/1.1" 404 1816
C:\VSCode stuff\final\final_project\event\views.py changed, reloading.
Watching for file changes with StatReloader
"GET / HTTP/1.1" 200 22213
"GET /static/auctions/styles.css HTTP/1.1" 404 1816
"GET / HTTP/1.1" 200 22213
"GET /static/auctions/styles.css HTTP/1.1" 404 1816
Not Found: /favicon.ico
- Broken pipe from ('127.0.0.1', 60194)
"GET / HTTP/1.1" 200 22213
"GET /static/auctions/styles.css HTTP/1.1" 404 1816
C:\VSCode stuff\final\final_project\event\views.py changed, reloading.
Watching for file changes with StatReloader
"GET / HTTP/1.1" 200 22213
"GET /static/auctions/styles.css HTTP/1.1" 404 1816
Not Found: /favicon.ico
- Broken pipe from ('127.0.0.1', 60204)
"GET / HTTP/1.1" 200 22213
"GET /static/auctions/styles.css HTTP/1.1" 404 1816
C:\VSCode stuff\final\final_project\event\views.py changed, reloading.
Watching for file changes with StatReloader
Internal Server Error: /
Traceback (most recent call last):
  File "C:\Users\User\AppData\Local\Programs\Python\Python311\Lib\site-packages\django\core\handlers\exception.py", line 55, in inner
    response = get_response(request)
               ^^^^^^^^^^^^^^^^^^^^^
  File "C:\Users\User\AppData\Local\Programs\Python\Python311\Lib\site-packages\django\core\handlers\base.py", line 197, in _get_response
    response = wrapped_callback(request, *callback_args, **callback_kwargs)
               ^^^^^^^^^^^^^^^^^^^^^^^^^^^^^^^^^^^^^^^^^^^^^^^^^^^^^^^^^^^^
  File "C:\VSCode stuff\final\final_project\event\views.py", line 32, in index
    rsvps = RSVP.objects.filter(user=user).order_by(-'event__RSVP_deadline')
                                                    ^^^^^^^^^^^^^^^^^^^^^^^
TypeError: bad operand type for unary -: 'str'
"GET / HTTP/1.1" 500 65712
C:\VSCode stuff\final\final_project\event\views.py changed, reloading.
Watching for file changes with StatReloader
"GET / HTTP/1.1" 200 22213
"GET /static/auctions/styles.css HTTP/1.1" 404 1816
Not Found: /favicon.ico
- Broken pipe from ('127.0.0.1', 60215)
C:\VSCode stuff\final\final_project\event\views.py changed, reloading.
Watching for file changes with StatReloader
"GET / HTTP/1.1" 200 22213
"GET /static/auctions/styles.css HTTP/1.1" 404 1816
"GET / HTTP/1.1" 200 22213
"GET /static/auctions/styles.css HTTP/1.1" 404 1816
Not Found: /favicon.ico
- Broken pipe from ('127.0.0.1', 60224)
C:\VSCode stuff\final\final_project\event\views.py changed, reloading.
Watching for file changes with StatReloader
"GET / HTTP/1.1" 200 22213
"GET /static/auctions/styles.css HTTP/1.1" 404 1816
"GET / HTTP/1.1" 200 22213
"GET /static/auctions/styles.css HTTP/1.1" 404 1816
C:\VSCode stuff\final\final_project\event\views.py changed, reloading.
Watching for file changes with StatReloader
"GET / HTTP/1.1" 200 22213
"GET /static/auctions/styles.css HTTP/1.1" 404 1816
"GET / HTTP/1.1" 200 22213
"GET /static/auctions/styles.css HTTP/1.1" 404 1816
C:\VSCode stuff\final\final_project\event\views.py changed, reloading.
Watching for file changes with StatReloader
"GET / HTTP/1.1" 200 22213
"GET /static/auctions/styles.css HTTP/1.1" 404 1816
C:\VSCode stuff\final\final_project\event\views.py changed, reloading.
Watching for file changes with StatReloader
"GET / HTTP/1.1" 200 22213
"GET /static/auctions/styles.css HTTP/1.1" 404 1816
Not Found: /favicon.ico
- Broken pipe from ('127.0.0.1', 60258)
"GET /discover HTTP/1.1" 200 20068
"GET /static/auctions/styles.css HTTP/1.1" 404 1816
"POST /discover HTTP/1.1" 200 2459
"GET / HTTP/1.1" 200 22213
"GET /static/auctions/styles.css HTTP/1.1" 404 1816
"GET /calendar HTTP/1.1" 200 18722
"GET /static/auctions/styles.css HTTP/1.1" 404 1816
Not Found: /favicon.ico
- Broken pipe from ('127.0.0.1', 60277)
"GET /calendar HTTP/1.1" 200 18722
"GET /static/auctions/styles.css HTTP/1.1" 404 1816
"GET /calendar HTTP/1.1" 200 18722
"GET /static/auctions/styles.css HTTP/1.1" 404 1816
Not Found: /favicon.ico
- Broken pipe from ('127.0.0.1', 60290)
C:\VSCode stuff\final\final_project\event\views.py changed, reloading.
Watching for file changes with StatReloader
"GET /calendar HTTP/1.1" 200 18722
"GET /static/auctions/styles.css HTTP/1.1" 404 1816
Not Found: /favicon.ico
- Broken pipe from ('127.0.0.1', 60298)
C:\VSCode stuff\final\final_project\event\views.py changed, reloading.
Watching for file changes with StatReloader
"GET /calendar HTTP/1.1" 200 18722
"GET /static/auctions/styles.css HTTP/1.1" 404 1816
"GET /calendar HTTP/1.1" 200 18722
"GET /static/auctions/styles.css HTTP/1.1" 404 1816
"GET /calendar HTTP/1.1" 200 18722
"GET /static/auctions/styles.css HTTP/1.1" 404 1816
Not Found: /favicon.ico
- Broken pipe from ('127.0.0.1', 60322)
C:\VSCode stuff\final\final_project\event\views.py changed, reloading.
Watching for file changes with StatReloader
"GET /calendar HTTP/1.1" 200 20250
"GET /static/auctions/styles.css HTTP/1.1" 404 1816
C:\VSCode stuff\final\final_project\event\views.py changed, reloading.
Watching for file changes with StatReloader
Watching for file changes with StatReloader
"GET / HTTP/1.1" 200 22213
"GET /static/auctions/styles.css HTTP/1.1" 404 1816
Not Found: /favicon.ico
- Broken pipe from ('127.0.0.1', 63834)
"GET /calendar HTTP/1.1" 200 19108
"GET /static/auctions/styles.css HTTP/1.1" 404 1816
C:\VSCode stuff\final\final_project\event\views.py changed, reloading.
Watching for file changes with StatReloader
"GET /calendar HTTP/1.1" 200 21260
"GET /static/auctions/styles.css HTTP/1.1" 404 1816
"GET /calendar HTTP/1.1" 200 21260
"GET /static/auctions/styles.css HTTP/1.1" 404 1816
"GET /calendar HTTP/1.1" 200 21307
"GET /static/auctions/styles.css HTTP/1.1" 404 1816
"GET / HTTP/1.1" 200 22646
"GET /static/auctions/styles.css HTTP/1.1" 404 1816
"GET /create HTTP/1.1" 200 21345
"GET /static/auctions/styles.css HTTP/1.1" 404 1816
"GET /discover HTTP/1.1" 200 20501
"GET /static/auctions/styles.css HTTP/1.1" 404 1816
"POST /discover HTTP/1.1" 200 2459
"GET / HTTP/1.1" 200 22646
"GET /static/auctions/styles.css HTTP/1.1" 404 1816
"GET /calendar HTTP/1.1" 200 21307
"GET /static/auctions/styles.css HTTP/1.1" 404 1816
C:\VSCode stuff\final\final_project\event\views.py changed, reloading.
Watching for file changes with StatReloader
Watching for file changes with StatReloader
"GET / HTTP/1.1" 200 22646
"GET /static/auctions/styles.css HTTP/1.1" 404 1816
"GET /static/auctions/styles.css HTTP/1.1" 404 1816
"GET /calendar HTTP/1.1" 200 19155
"GET /static/auctions/styles.css HTTP/1.1" 404 1816
Not Found: /favicon.ico
- Broken pipe from ('127.0.0.1', 63265)
C:\VSCode stuff\final\final_project\event\views.py changed, reloading.
Watching for file changes with StatReloader
"GET /calendar HTTP/1.1" 200 21307
"GET /static/auctions/styles.css HTTP/1.1" 404 1816
Internal Server Error: /calendar
Traceback (most recent call last):
  File "C:\Users\User\AppData\Local\Programs\Python\Python311\Lib\site-packages\django\template\base.py", line 502, in parse
    compile_func = self.tags[command]
                   ~~~~~~~~~^^^^^^^^^
KeyError: "'event'"

During handling of the above exception, another exception occurred:

Traceback (most recent call last):
  File "C:\Users\User\AppData\Local\Programs\Python\Python311\Lib\site-packages\django\core\handlers\exception.py", line 55, in inner
    response = get_response(request)
               ^^^^^^^^^^^^^^^^^^^^^
  File "C:\Users\User\AppData\Local\Programs\Python\Python311\Lib\site-packages\django\core\handlers\base.py", line 197, in _get_response
    response = wrapped_callback(request, *callback_args, **callback_kwargs)
               ^^^^^^^^^^^^^^^^^^^^^^^^^^^^^^^^^^^^^^^^^^^^^^^^^^^^^^^^^^^^
  File "C:\VSCode stuff\final\final_project\event\views.py", line 52, in calendar
    return render(request, 'event/calendar.html', {
           ^^^^^^^^^^^^^^^^^^^^^^^^^^^^^^^^^^^^^^^^
  File "C:\Users\User\AppData\Local\Programs\Python\Python311\Lib\site-packages\django\shortcuts.py", line 25, in render
    content = loader.render_to_string(template_name, context, request, using=using)
              ^^^^^^^^^^^^^^^^^^^^^^^^^^^^^^^^^^^^^^^^^^^^^^^^^^^^^^^^^^^^^^^^^^^^^
  File "C:\Users\User\AppData\Local\Programs\Python\Python311\Lib\site-packages\django\template\loader.py", line 61, in render_to_string
    template = get_template(template_name, using=using)
               ^^^^^^^^^^^^^^^^^^^^^^^^^^^^^^^^^^^^^^^^
  File "C:\Users\User\AppData\Local\Programs\Python\Python311\Lib\site-packages\django\template\loader.py", line 15, in get_template
    return engine.get_template(template_name)
           ^^^^^^^^^^^^^^^^^^^^^^^^^^^^^^^^^^
  File "C:\Users\User\AppData\Local\Programs\Python\Python311\Lib\site-packages\django\template\backends\django.py", line 33, in get_template
    return Template(self.engine.get_template(template_name), self)
                    ^^^^^^^^^^^^^^^^^^^^^^^^^^^^^^^^^^^^^^^
  File "C:\Users\User\AppData\Local\Programs\Python\Python311\Lib\site-packages\django\template\engine.py", line 177, in get_template
    template, origin = self.find_template(template_name)
                       ^^^^^^^^^^^^^^^^^^^^^^^^^^^^^^^^^
  File "C:\Users\User\AppData\Local\Programs\Python\Python311\Lib\site-packages\django\template\engine.py", line 159, in find_template
    template = loader.get_template(name, skip=skip)
               ^^^^^^^^^^^^^^^^^^^^^^^^^^^^^^^^^^^^
  File "C:\Users\User\AppData\Local\Programs\Python\Python311\Lib\site-packages\django\template\loaders\cached.py", line 57, in get_template
    template = super().get_template(template_name, skip)
               ^^^^^^^^^^^^^^^^^^^^^^^^^^^^^^^^^^^^^^^^^
  File "C:\Users\User\AppData\Local\Programs\Python\Python311\Lib\site-packages\django\template\loaders\base.py", line 28, in get_template
    return Template(
           ^^^^^^^^^
  File "C:\Users\User\AppData\Local\Programs\Python\Python311\Lib\site-packages\django\template\base.py", line 154, in __init__
    self.nodelist = self.compile_nodelist()
                    ^^^^^^^^^^^^^^^^^^^^^^^
  File "C:\Users\User\AppData\Local\Programs\Python\Python311\Lib\site-packages\django\template\base.py", line 196, in compile_nodelist
    return parser.parse()
           ^^^^^^^^^^^^^^
  File "C:\Users\User\AppData\Local\Programs\Python\Python311\Lib\site-packages\django\template\base.py", line 510, in parse
    raise self.error(token, e)
  File "C:\Users\User\AppData\Local\Programs\Python\Python311\Lib\site-packages\django\template\base.py", line 508, in parse
    compiled_result = compile_func(self, token)
                      ^^^^^^^^^^^^^^^^^^^^^^^^^
  File "C:\Users\User\AppData\Local\Programs\Python\Python311\Lib\site-packages\django\template\loader_tags.py", line 295, in do_extends
    nodelist = parser.parse()
               ^^^^^^^^^^^^^^
  File "C:\Users\User\AppData\Local\Programs\Python\Python311\Lib\site-packages\django\template\base.py", line 510, in parse
    raise self.error(token, e)
  File "C:\Users\User\AppData\Local\Programs\Python\Python311\Lib\site-packages\django\template\base.py", line 508, in parse
    compiled_result = compile_func(self, token)
                      ^^^^^^^^^^^^^^^^^^^^^^^^^
  File "C:\Users\User\AppData\Local\Programs\Python\Python311\Lib\site-packages\django\template\loader_tags.py", line 234, in do_block
    nodelist = parser.parse(("endblock",))
               ^^^^^^^^^^^^^^^^^^^^^^^^^^^
  File "C:\Users\User\AppData\Local\Programs\Python\Python311\Lib\site-packages\django\template\base.py", line 510, in parse
    raise self.error(token, e)
  File "C:\Users\User\AppData\Local\Programs\Python\Python311\Lib\site-packages\django\template\base.py", line 508, in parse
    compiled_result = compile_func(self, token)
                      ^^^^^^^^^^^^^^^^^^^^^^^^^
  File "C:\Users\User\AppData\Local\Programs\Python\Python311\Lib\site-packages\django\template\defaulttags.py", line 861, in do_for
    nodelist_loop = parser.parse(
                    ^^^^^^^^^^^^^
  File "C:\Users\User\AppData\Local\Programs\Python\Python311\Lib\site-packages\django\template\base.py", line 504, in parse
    self.invalid_block_tag(token, command, parse_until)
  File "C:\Users\User\AppData\Local\Programs\Python\Python311\Lib\site-packages\django\template\base.py", line 555, in invalid_block_tag
    raise self.error(
django.template.exceptions.TemplateSyntaxError: Invalid block tag on line 6: ''event'', expected 'empty' or 'endfor'. Did you forget to register or load this tag?
"GET /calendar HTTP/1.1" 500 189922
Not Found: /favicon.ico
- Broken pipe from ('127.0.0.1', 63472)
"GET /calendar HTTP/1.1" 200 21467
"GET /static/auctions/styles.css HTTP/1.1" 404 1816
"GET /calendar HTTP/1.1" 200 21467
"GET /static/auctions/styles.css HTTP/1.1" 404 1816
"GET /calendar HTTP/1.1" 200 21467
"GET /static/auctions/styles.css HTTP/1.1" 404 1816
"GET /calendar HTTP/1.1" 200 21963
"GET /static/auctions/styles.css HTTP/1.1" 404 1816
"GET /calendar HTTP/1.1" 200 21963
"GET /static/auctions/styles.css HTTP/1.1" 404 1816
Watching for file changes with StatReloader
"GET /calendar HTTP/1.1" 200 21963
"GET /static/auctions/styles.css HTTP/1.1" 404 1816
Internal Server Error: /calendar
Traceback (most recent call last):
  File "C:\Users\User\AppData\Local\Programs\Python\Python311\Lib\site-packages\django\core\handlers\exception.py", line 55, in inner
    response = get_response(request)
               ^^^^^^^^^^^^^^^^^^^^^
  File "C:\Users\User\AppData\Local\Programs\Python\Python311\Lib\site-packages\django\core\handlers\base.py", line 197, in _get_response
    response = wrapped_callback(request, *callback_args, **callback_kwargs)
               ^^^^^^^^^^^^^^^^^^^^^^^^^^^^^^^^^^^^^^^^^^^^^^^^^^^^^^^^^^^^
  File "C:\VSCode stuff\final\final_project\event\views.py", line 52, in calendar
    return render(request, 'event/calendar.html', {
           ^^^^^^^^^^^^^^^^^^^^^^^^^^^^^^^^^^^^^^^^
  File "C:\Users\User\AppData\Local\Programs\Python\Python311\Lib\site-packages\django\shortcuts.py", line 25, in render
    content = loader.render_to_string(template_name, context, request, using=using)
              ^^^^^^^^^^^^^^^^^^^^^^^^^^^^^^^^^^^^^^^^^^^^^^^^^^^^^^^^^^^^^^^^^^^^^
  File "C:\Users\User\AppData\Local\Programs\Python\Python311\Lib\site-packages\django\template\loader.py", line 62, in render_to_string
    return template.render(context, request)
           ^^^^^^^^^^^^^^^^^^^^^^^^^^^^^^^^^
  File "C:\Users\User\AppData\Local\Programs\Python\Python311\Lib\site-packages\django\template\backends\django.py", line 61, in render
    return self.template.render(context)
           ^^^^^^^^^^^^^^^^^^^^^^^^^^^^^
  File "C:\Users\User\AppData\Local\Programs\Python\Python311\Lib\site-packages\django\template\base.py", line 171, in render
    return self._render(context)
           ^^^^^^^^^^^^^^^^^^^^^
  File "C:\Users\User\AppData\Local\Programs\Python\Python311\Lib\site-packages\django\template\base.py", line 163, in _render
    return self.nodelist.render(context)
           ^^^^^^^^^^^^^^^^^^^^^^^^^^^^^
  File "C:\Users\User\AppData\Local\Programs\Python\Python311\Lib\site-packages\django\template\base.py", line 1000, in render
    return SafeString("".join([node.render_annotated(context) for node in self]))
                              ^^^^^^^^^^^^^^^^^^^^^^^^^^^^^^^^^^^^^^^^^^^^^^^^^
  File "C:\Users\User\AppData\Local\Programs\Python\Python311\Lib\site-packages\django\template\base.py", line 1000, in <listcomp>
    return SafeString("".join([node.render_annotated(context) for node in self]))
                               ^^^^^^^^^^^^^^^^^^^^^^^^^^^^^^
  File "C:\Users\User\AppData\Local\Programs\Python\Python311\Lib\site-packages\django\template\base.py", line 961, in render_annotated
    return self.render(context)
           ^^^^^^^^^^^^^^^^^^^^
  File "C:\Users\User\AppData\Local\Programs\Python\Python311\Lib\site-packages\django\template\loader_tags.py", line 159, in render
    return compiled_parent._render(context)
           ^^^^^^^^^^^^^^^^^^^^^^^^^^^^^^^^
  File "C:\Users\User\AppData\Local\Programs\Python\Python311\Lib\site-packages\django\template\base.py", line 163, in _render
    return self.nodelist.render(context)
           ^^^^^^^^^^^^^^^^^^^^^^^^^^^^^
  File "C:\Users\User\AppData\Local\Programs\Python\Python311\Lib\site-packages\django\template\base.py", line 1000, in render
    return SafeString("".join([node.render_annotated(context) for node in self]))
                              ^^^^^^^^^^^^^^^^^^^^^^^^^^^^^^^^^^^^^^^^^^^^^^^^^
  File "C:\Users\User\AppData\Local\Programs\Python\Python311\Lib\site-packages\django\template\base.py", line 1000, in <listcomp>
    return SafeString("".join([node.render_annotated(context) for node in self]))
                               ^^^^^^^^^^^^^^^^^^^^^^^^^^^^^^
  File "C:\Users\User\AppData\Local\Programs\Python\Python311\Lib\site-packages\django\template\base.py", line 961, in render_annotated
    return self.render(context)
           ^^^^^^^^^^^^^^^^^^^^
  File "C:\Users\User\AppData\Local\Programs\Python\Python311\Lib\site-packages\django\template\loader_tags.py", line 65, in render
    result = block.nodelist.render(context)
             ^^^^^^^^^^^^^^^^^^^^^^^^^^^^^^
  File "C:\Users\User\AppData\Local\Programs\Python\Python311\Lib\site-packages\django\template\base.py", line 1000, in render
    return SafeString("".join([node.render_annotated(context) for node in self]))
                              ^^^^^^^^^^^^^^^^^^^^^^^^^^^^^^^^^^^^^^^^^^^^^^^^^
  File "C:\Users\User\AppData\Local\Programs\Python\Python311\Lib\site-packages\django\template\base.py", line 1000, in <listcomp>
    return SafeString("".join([node.render_annotated(context) for node in self]))
                               ^^^^^^^^^^^^^^^^^^^^^^^^^^^^^^
  File "C:\Users\User\AppData\Local\Programs\Python\Python311\Lib\site-packages\django\template\base.py", line 961, in render_annotated
    return self.render(context)
           ^^^^^^^^^^^^^^^^^^^^
  File "C:\Users\User\AppData\Local\Programs\Python\Python311\Lib\site-packages\django\template\defaulttags.py", line 242, in render
    nodelist.append(node.render_annotated(context))
                    ^^^^^^^^^^^^^^^^^^^^^^^^^^^^^^
  File "C:\Users\User\AppData\Local\Programs\Python\Python311\Lib\site-packages\django\template\base.py", line 961, in render_annotated
    return self.render(context)
           ^^^^^^^^^^^^^^^^^^^^
  File "C:\Users\User\AppData\Local\Programs\Python\Python311\Lib\site-packages\django\template\defaulttags.py", line 479, in render
    url = reverse(view_name, args=args, kwargs=kwargs, current_app=current_app)
          ^^^^^^^^^^^^^^^^^^^^^^^^^^^^^^^^^^^^^^^^^^^^^^^^^^^^^^^^^^^^^^^^^^^^^
  File "C:\Users\User\AppData\Local\Programs\Python\Python311\Lib\site-packages\django\urls\base.py", line 88, in reverse
    return resolver._reverse_with_prefix(view, prefix, *args, **kwargs)
           ^^^^^^^^^^^^^^^^^^^^^^^^^^^^^^^^^^^^^^^^^^^^^^^^^^^^^^^^^^^^
  File "C:\Users\User\AppData\Local\Programs\Python\Python311\Lib\site-packages\django\urls\resolvers.py", line 851, in _reverse_with_prefix
    raise NoReverseMatch(msg)
django.urls.exceptions.NoReverseMatch: Reverse for 'event/' not found. 'event/' is not a valid view function or pattern name.
"GET /calendar HTTP/1.1" 500 178599
"GET / HTTP/1.1" 200 22646
"GET /static/auctions/styles.css HTTP/1.1" 404 1816
Internal Server Error: /calendar
Traceback (most recent call last):
  File "C:\Users\User\AppData\Local\Programs\Python\Python311\Lib\site-packages\django\core\handlers\exception.py", line 55, in inner
    response = get_response(request)
               ^^^^^^^^^^^^^^^^^^^^^
  File "C:\Users\User\AppData\Local\Programs\Python\Python311\Lib\site-packages\django\core\handlers\base.py", line 197, in _get_response
    response = wrapped_callback(request, *callback_args, **callback_kwargs)
               ^^^^^^^^^^^^^^^^^^^^^^^^^^^^^^^^^^^^^^^^^^^^^^^^^^^^^^^^^^^^
  File "C:\VSCode stuff\final\final_project\event\views.py", line 52, in calendar
    return render(request, 'event/calendar.html', {
           ^^^^^^^^^^^^^^^^^^^^^^^^^^^^^^^^^^^^^^^^
  File "C:\Users\User\AppData\Local\Programs\Python\Python311\Lib\site-packages\django\shortcuts.py", line 25, in render
    content = loader.render_to_string(template_name, context, request, using=using)
              ^^^^^^^^^^^^^^^^^^^^^^^^^^^^^^^^^^^^^^^^^^^^^^^^^^^^^^^^^^^^^^^^^^^^^
  File "C:\Users\User\AppData\Local\Programs\Python\Python311\Lib\site-packages\django\template\loader.py", line 62, in render_to_string
    return template.render(context, request)
           ^^^^^^^^^^^^^^^^^^^^^^^^^^^^^^^^^
  File "C:\Users\User\AppData\Local\Programs\Python\Python311\Lib\site-packages\django\template\backends\django.py", line 61, in render
    return self.template.render(context)
           ^^^^^^^^^^^^^^^^^^^^^^^^^^^^^
  File "C:\Users\User\AppData\Local\Programs\Python\Python311\Lib\site-packages\django\template\base.py", line 171, in render
    return self._render(context)
           ^^^^^^^^^^^^^^^^^^^^^
  File "C:\Users\User\AppData\Local\Programs\Python\Python311\Lib\site-packages\django\template\base.py", line 163, in _render
    return self.nodelist.render(context)
           ^^^^^^^^^^^^^^^^^^^^^^^^^^^^^
  File "C:\Users\User\AppData\Local\Programs\Python\Python311\Lib\site-packages\django\template\base.py", line 1000, in render
    return SafeString("".join([node.render_annotated(context) for node in self]))
                              ^^^^^^^^^^^^^^^^^^^^^^^^^^^^^^^^^^^^^^^^^^^^^^^^^
  File "C:\Users\User\AppData\Local\Programs\Python\Python311\Lib\site-packages\django\template\base.py", line 1000, in <listcomp>
    return SafeString("".join([node.render_annotated(context) for node in self]))
                               ^^^^^^^^^^^^^^^^^^^^^^^^^^^^^^
  File "C:\Users\User\AppData\Local\Programs\Python\Python311\Lib\site-packages\django\template\base.py", line 961, in render_annotated
    return self.render(context)
           ^^^^^^^^^^^^^^^^^^^^
  File "C:\Users\User\AppData\Local\Programs\Python\Python311\Lib\site-packages\django\template\loader_tags.py", line 159, in render
    return compiled_parent._render(context)
           ^^^^^^^^^^^^^^^^^^^^^^^^^^^^^^^^
  File "C:\Users\User\AppData\Local\Programs\Python\Python311\Lib\site-packages\django\template\base.py", line 163, in _render
    return self.nodelist.render(context)
           ^^^^^^^^^^^^^^^^^^^^^^^^^^^^^
  File "C:\Users\User\AppData\Local\Programs\Python\Python311\Lib\site-packages\django\template\base.py", line 1000, in render
    return SafeString("".join([node.render_annotated(context) for node in self]))
                              ^^^^^^^^^^^^^^^^^^^^^^^^^^^^^^^^^^^^^^^^^^^^^^^^^
  File "C:\Users\User\AppData\Local\Programs\Python\Python311\Lib\site-packages\django\template\base.py", line 1000, in <listcomp>
    return SafeString("".join([node.render_annotated(context) for node in self]))
                               ^^^^^^^^^^^^^^^^^^^^^^^^^^^^^^
  File "C:\Users\User\AppData\Local\Programs\Python\Python311\Lib\site-packages\django\template\base.py", line 961, in render_annotated
    return self.render(context)
           ^^^^^^^^^^^^^^^^^^^^
  File "C:\Users\User\AppData\Local\Programs\Python\Python311\Lib\site-packages\django\template\loader_tags.py", line 65, in render
    result = block.nodelist.render(context)
             ^^^^^^^^^^^^^^^^^^^^^^^^^^^^^^
  File "C:\Users\User\AppData\Local\Programs\Python\Python311\Lib\site-packages\django\template\base.py", line 1000, in render
    return SafeString("".join([node.render_annotated(context) for node in self]))
                              ^^^^^^^^^^^^^^^^^^^^^^^^^^^^^^^^^^^^^^^^^^^^^^^^^
  File "C:\Users\User\AppData\Local\Programs\Python\Python311\Lib\site-packages\django\template\base.py", line 1000, in <listcomp>
    return SafeString("".join([node.render_annotated(context) for node in self]))
                               ^^^^^^^^^^^^^^^^^^^^^^^^^^^^^^
  File "C:\Users\User\AppData\Local\Programs\Python\Python311\Lib\site-packages\django\template\base.py", line 961, in render_annotated
    return self.render(context)
           ^^^^^^^^^^^^^^^^^^^^
  File "C:\Users\User\AppData\Local\Programs\Python\Python311\Lib\site-packages\django\template\defaulttags.py", line 242, in render
    nodelist.append(node.render_annotated(context))
                    ^^^^^^^^^^^^^^^^^^^^^^^^^^^^^^
  File "C:\Users\User\AppData\Local\Programs\Python\Python311\Lib\site-packages\django\template\base.py", line 961, in render_annotated
    return self.render(context)
           ^^^^^^^^^^^^^^^^^^^^
  File "C:\Users\User\AppData\Local\Programs\Python\Python311\Lib\site-packages\django\template\defaulttags.py", line 479, in render
    url = reverse(view_name, args=args, kwargs=kwargs, current_app=current_app)
          ^^^^^^^^^^^^^^^^^^^^^^^^^^^^^^^^^^^^^^^^^^^^^^^^^^^^^^^^^^^^^^^^^^^^^
  File "C:\Users\User\AppData\Local\Programs\Python\Python311\Lib\site-packages\django\urls\base.py", line 88, in reverse
    return resolver._reverse_with_prefix(view, prefix, *args, **kwargs)
           ^^^^^^^^^^^^^^^^^^^^^^^^^^^^^^^^^^^^^^^^^^^^^^^^^^^^^^^^^^^^
  File "C:\Users\User\AppData\Local\Programs\Python\Python311\Lib\site-packages\django\urls\resolvers.py", line 851, in _reverse_with_prefix
    raise NoReverseMatch(msg)
django.urls.exceptions.NoReverseMatch: Reverse for 'event/' not found. 'event/' is not a valid view function or pattern name.
"GET /calendar HTTP/1.1" 500 178580
"GET /calendar HTTP/1.1" 200 21931
"GET /static/auctions/styles.css HTTP/1.1" 404 1816
"GET /event/2330/ HTTP/1.1" 200 19410
"GET /static/auctions/styles.css HTTP/1.1" 404 1816
"GET /calendar HTTP/1.1" 200 21960
"GET /static/auctions/styles.css HTTP/1.1" 404 1816
"GET /calendar HTTP/1.1" 200 22052
"GET /static/auctions/styles.css HTTP/1.1" 404 1816
"GET /calendar HTTP/1.1" 200 22091
"GET /static/auctions/styles.css HTTP/1.1" 404 1816
"GET /calendar HTTP/1.1" 200 22091
"GET /static/auctions/styles.css HTTP/1.1" 404 1816
"GET /calendar HTTP/1.1" 200 22130
"GET /static/auctions/styles.css HTTP/1.1" 404 1816
"GET /calendar HTTP/1.1" 200 22118
"GET /static/auctions/styles.css HTTP/1.1" 404 1816
"GET /calendar HTTP/1.1" 200 22130
"GET /static/auctions/styles.css HTTP/1.1" 404 1816
"GET /calendar HTTP/1.1" 200 22130
"GET /static/auctions/styles.css HTTP/1.1" 404 1816
"GET /calendar HTTP/1.1" 200 22212
"GET /static/auctions/styles.css HTTP/1.1" 404 1816
"GET /calendar HTTP/1.1" 200 22394
"GET /static/auctions/styles.css HTTP/1.1" 404 1816
"GET /calendar HTTP/1.1" 200 22388
"GET /static/auctions/styles.css HTTP/1.1" 404 1816
"GET /calendar HTTP/1.1" 200 22304
"GET /static/auctions/styles.css HTTP/1.1" 404 1816
"GET /calendar HTTP/1.1" 200 22335
"GET /static/auctions/styles.css HTTP/1.1" 404 1816
"GET /calendar HTTP/1.1" 200 22347
"GET /static/auctions/styles.css HTTP/1.1" 404 1816
"GET /event/2330/ HTTP/1.1" 200 19650
"GET /static/auctions/styles.css HTTP/1.1" 404 1816
"GET / HTTP/1.1" 200 22886
"GET /static/auctions/styles.css HTTP/1.1" 404 1816
C:\VSCode stuff\final\final_project\event\views.py changed, reloading.
Watching for file changes with StatReloader
"GET / HTTP/1.1" 200 22886
"GET /static/auctions/styles.css HTTP/1.1" 404 1816
"GET / HTTP/1.1" 200 22886
"GET /static/auctions/styles.css HTTP/1.1" 404 1816
C:\VSCode stuff\final\final_project\final_project\settings.py changed, reloading.
Watching for file changes with StatReloader
Watching for file changes with StatReloader
"GET / HTTP/1.1" 200 22886
"GET /static/auctions/styles.css HTTP/1.1" 404 1816
"GET /calendar HTTP/1.1" 200 19395
"GET /static/auctions/styles.css HTTP/1.1" 404 1816
C:\VSCode stuff\final\final_project\event\views.py changed, reloading.
Watching for file changes with StatReloader
"GET /calendar HTTP/1.1" 200 22347
"GET /static/auctions/styles.css HTTP/1.1" 404 1816
"GET / HTTP/1.1" 200 22886
"GET /static/auctions/styles.css HTTP/1.1" 404 1816
"GET /calendar HTTP/1.1" 200 22347
"GET /static/auctions/styles.css HTTP/1.1" 404 1816
"GET /logout HTTP/1.1" 302 0
"GET / HTTP/1.1" 200 19366
"GET /static/auctions/styles.css HTTP/1.1" 404 1816
"GET /login HTTP/1.1" 200 19986
"GET /static/auctions/styles.css HTTP/1.1" 404 1816
"POST /login HTTP/1.1" 302 0
"GET / HTTP/1.1" 200 19575
"GET /static/auctions/styles.css HTTP/1.1" 404 1816
"GET / HTTP/1.1" 200 19575
"GET /static/auctions/styles.css HTTP/1.1" 404 1816
"GET /calendar HTTP/1.1" 200 22347
"GET /static/auctions/styles.css HTTP/1.1" 404 1816
"GET /event/2330/ HTTP/1.1" 200 19650
"GET /static/auctions/styles.css HTTP/1.1" 404 1816
"GET /calendar HTTP/1.1" 200 22347
"GET /static/auctions/styles.css HTTP/1.1" 404 1816
"GET /event/3853/ HTTP/1.1" 200 19661
"GET /static/auctions/styles.css HTTP/1.1" 404 1816
"GET /calendar HTTP/1.1" 200 22347
"GET /static/auctions/styles.css HTTP/1.1" 404 1816
"GET /event/5532/ HTTP/1.1" 200 19659
"GET /static/auctions/styles.css HTTP/1.1" 404 1816
"GET /logout HTTP/1.1" 302 0
"GET / HTTP/1.1" 200 19366
"GET /static/auctions/styles.css HTTP/1.1" 404 1816
"GET /login HTTP/1.1" 200 19986
"GET /static/auctions/styles.css HTTP/1.1" 404 1816
"POST /login HTTP/1.1" 302 0
"GET / HTTP/1.1" 200 22886
"GET /static/auctions/styles.css HTTP/1.1" 404 1816
"GET /admin/ HTTP/1.1" 200 11198
"GET /static/admin/css/base.css HTTP/1.1" 200 21544
"GET /static/admin/css/responsive.css HTTP/1.1" 200 17905
"GET /static/admin/css/dark_mode.css HTTP/1.1" 200 2682
"GET /static/admin/css/nav_sidebar.css HTTP/1.1" 200 2810
"GET /static/admin/js/theme.js HTTP/1.1" 200 1943
"GET /static/admin/js/nav_sidebar.js HTTP/1.1" 200 3063
"GET /static/admin/css/dashboard.css HTTP/1.1" 200 441
"GET /static/admin/img/icon-changelink.svg HTTP/1.1" 200 380
"GET /static/admin/img/icon-addlink.svg HTTP/1.1" 200 331
"GET /static/admin/img/icon-deletelink.svg HTTP/1.1" 200 392
"GET /admin/event/events/ HTTP/1.1" 200 12009
"GET /static/admin/css/changelists.css HTTP/1.1" 200 6811
"GET /static/admin/js/admin/RelatedObjectLookups.js HTTP/1.1" 200 9042
"GET /static/admin/js/vendor/jquery/jquery.js HTTP/1.1" 200 285314
"GET /static/admin/js/jquery.init.js HTTP/1.1" 200 347
"GET /static/admin/js/actions.js HTTP/1.1" 200 8067
"GET /static/admin/js/core.js HTTP/1.1" 200 6208
"GET /static/admin/js/urlify.js HTTP/1.1" 200 7887
"GET /static/admin/js/prepopulate.js HTTP/1.1" 200 1531
"GET /admin/jsi18n/ HTTP/1.1" 200 3342
"GET /static/admin/js/filters.js HTTP/1.1" 200 978
"GET /static/admin/js/vendor/xregexp/xregexp.js HTTP/1.1" 200 325171
"GET /static/admin/img/tooltag-add.svg HTTP/1.1" 200 331
"GET /admin/event/events/8804/change/ HTTP/1.1" 200 18967
"GET /admin/jsi18n/ HTTP/1.1" 200 3342
"GET /static/admin/js/change_form.js HTTP/1.1" 200 606
"GET /static/admin/js/prepopulate_init.js HTTP/1.1" 200 586
"GET /static/admin/js/admin/DateTimeShortcuts.js HTTP/1.1" 200 19319
"GET /static/admin/css/forms.css HTTP/1.1" 200 9090
"GET /static/admin/css/widgets.css HTTP/1.1" 200 11800
"GET /static/admin/js/calendar.js HTTP/1.1" 200 9141
"GET /static/admin/img/icon-viewlink.svg HTTP/1.1" 200 581
"GET /static/admin/img/icon-calendar.svg HTTP/1.1" 200 1086
"GET /static/admin/img/icon-clock.svg HTTP/1.1" 200 677
"GET /admin/event/rsvp/ HTTP/1.1" 200 8571
"GET /admin/jsi18n/ HTTP/1.1" 200 3342
"GET /admin/event/rsvp/add/ HTTP/1.1" 200 12466
"GET /admin/jsi18n/ HTTP/1.1" 200 3342
"POST /admin/event/rsvp/add/ HTTP/1.1" 302 0
"GET /admin/event/rsvp/add/ HTTP/1.1" 200 12700
"GET /admin/jsi18n/ HTTP/1.1" 200 3342
"GET /static/admin/img/icon-yes.svg HTTP/1.1" 200 436
"POST /admin/event/rsvp/add/ HTTP/1.1" 302 0
"GET /admin/event/rsvp/add/ HTTP/1.1" 200 12700
"GET /admin/jsi18n/ HTTP/1.1" 200 3342
"POST /admin/event/rsvp/add/ HTTP/1.1" 302 0
"GET /admin/event/rsvp/add/ HTTP/1.1" 200 12700
"GET /admin/jsi18n/ HTTP/1.1" 200 3342
"POST /admin/event/rsvp/add/ HTTP/1.1" 302 0
"GET /admin/event/rsvp/add/ HTTP/1.1" 200 12700
"GET /admin/jsi18n/ HTTP/1.1" 200 3342
"GET / HTTP/1.1" 200 24237
"GET /static/auctions/styles.css HTTP/1.1" 404 1816
"GET / HTTP/1.1" 200 24237
"GET /static/auctions/styles.css HTTP/1.1" 404 1816
"GET /calendar HTTP/1.1" 200 22347
"GET /static/auctions/styles.css HTTP/1.1" 404 1816
"GET / HTTP/1.1" 200 24237
"GET /static/auctions/styles.css HTTP/1.1" 404 1816
"GET /calendar HTTP/1.1" 200 22347
"GET /static/auctions/styles.css HTTP/1.1" 404 1816
"GET /create HTTP/1.1" 200 21585
"GET /static/auctions/styles.css HTTP/1.1" 404 1816
"GET /discover HTTP/1.1" 200 20741
"GET /static/auctions/styles.css HTTP/1.1" 404 1816
"POST /discover HTTP/1.1" 200 2459
"GET /event/1119 HTTP/1.1" 301 0
"GET /event/1119/ HTTP/1.1" 200 19661
"GET /static/auctions/styles.css HTTP/1.1" 404 1816
"GET / HTTP/1.1" 200 24237
"GET /static/auctions/styles.css HTTP/1.1" 404 1816
"GET /calendar HTTP/1.1" 200 22347
"GET /static/auctions/styles.css HTTP/1.1" 404 1816
"GET /create HTTP/1.1" 200 21585
"GET /static/auctions/styles.css HTTP/1.1" 404 1816
"GET /discover HTTP/1.1" 200 20741
"GET /static/auctions/styles.css HTTP/1.1" 404 1816
"POST /discover HTTP/1.1" 200 2459
"GET /event/1119/ HTTP/1.1" 200 19661
"GET /static/auctions/styles.css HTTP/1.1" 404 1816
"GET /discover HTTP/1.1" 200 20741
"GET /static/auctions/styles.css HTTP/1.1" 404 1816
"POST /discover HTTP/1.1" 200 2459
"GET / HTTP/1.1" 200 19366
"GET /discover HTTP/1.1" 200 21080
"GET /static/auctions/styles.css HTTP/1.1" 404 1816
"POST /discover HTTP/1.1" 200 2459
"GET /event/8804 HTTP/1.1" 301 0
"GET /event/8804/ HTTP/1.1" 200 19993
"GET /static/auctions/styles.css HTTP/1.1" 404 1816
"GET /logout HTTP/1.1" 302 0
"GET / HTTP/1.1" 200 19705
"GET /static/auctions/styles.css HTTP/1.1" 404 1816
"GET /login HTTP/1.1" 200 20325
"GET /static/auctions/styles.css HTTP/1.1" 404 1816
"POST /login HTTP/1.1" 302 0
"GET / HTTP/1.1" 200 24576
"GET /static/auctions/styles.css HTTP/1.1" 404 1816
Watching for file changes with StatReloader
Watching for file changes with StatReloader
"GET / HTTP/1.1" 200 19705
"GET /static/auctions/styles.css HTTP/1.1" 404 1816
Not Found: /favicon.ico
- Broken pipe from ('127.0.0.1', 51166)
Watching for file changes with StatReloader
"GET / HTTP/1.1" 200 19706
"GET /static/auctions/styles.css HTTP/1.1" 404 1816
Not Found: /favicon.ico
"GET /favicon.ico HTTP/1.1" 404 3811
"GET /login HTTP/1.1" 200 20326
"GET /static/auctions/styles.css HTTP/1.1" 404 1816
Not Found: /favicon.ico
- Broken pipe from ('127.0.0.1', 63910)
"POST /login HTTP/1.1" 302 0
"GET / HTTP/1.1" 200 20466
"GET /static/auctions/styles.css HTTP/1.1" 404 1816
Not Found: /favicon.ico
- Broken pipe from ('127.0.0.1', 63913)
"GET / HTTP/1.1" 200 20490
"GET /static/auctions/styles.css HTTP/1.1" 404 1816
"GET / HTTP/1.1" 200 20490
"GET /static/auctions/styles.css HTTP/1.1" 404 1816
"GET / HTTP/1.1" 200 20490
"GET /static/auctions/styles.css HTTP/1.1" 404 1816
Watching for file changes with StatReloader
"GET / HTTP/1.1" 200 20490
"GET /static/auctions/styles.css HTTP/1.1" 404 1816
"GET / HTTP/1.1" 200 20499
"GET /static/auctions/styles.css HTTP/1.1" 404 1816
Not Found: /favicon.ico
- Broken pipe from ('127.0.0.1', 63936)
"GET / HTTP/1.1" 200 20499
"GET /static/auctions/styles.css HTTP/1.1" 404 1816
"GET / HTTP/1.1" 200 20487
"GET /static/event/styles.css HTTP/1.1" 404 1807
"GET / HTTP/1.1" 200 20487
"GET /static/event/styles.css HTTP/1.1" 404 1807
"GET / HTTP/1.1" 200 20496
"GET /static/event/styles.css HTTP/1.1" 404 1807
"GET / HTTP/1.1" 200 20496
"GET /static/event/styles.css HTTP/1.1" 404 1807
"GET / HTTP/1.1" 200 20481
"GET /static/styles.css HTTP/1.1" 404 1789
"GET / HTTP/1.1" 200 20481
"GET /static/styles.css HTTP/1.1" 404 1789
"GET / HTTP/1.1" 200 20481
"GET /static/styles.css HTTP/1.1" 200 4388
"GET /event/1819/ HTTP/1.1" 200 20007
"GET /static/styles.css HTTP/1.1" 304 0
"GET / HTTP/1.1" 200 20481
"GET /static/styles.css HTTP/1.1" 304 0
"GET / HTTP/1.1" 200 20487
"GET /static/event/styles.css HTTP/1.1" 404 1807
"GET / HTTP/1.1" 200 20481
"GET /static/styles.css HTTP/1.1" 200 4388
Not Found: /favicon.ico
- Broken pipe from ('127.0.0.1', 63964)
"GET /create HTTP/1.1" 200 21940
"GET /calendar HTTP/1.1" 200 19750
"GET /discover HTTP/1.1" 200 21096
"GET /static/styles.css HTTP/1.1" 304 0
"POST /discover HTTP/1.1" 200 2459
"GET / HTTP/1.1" 200 20481
"GET /static/styles.css HTTP/1.1" 200 4388
Not Found: /favicon.ico
- Broken pipe from ('127.0.0.1', 63965)
C:\VSCode stuff\final\tyrusr\event\views.py changed, reloading.
Watching for file changes with StatReloader
Watching for file changes with StatReloader
"GET / HTTP/1.1" 200 12555
"GET /static/styles.css HTTP/1.1" 200 4388
"GET /event/1819/ HTTP/1.1" 200 12081
"GET /discover HTTP/1.1" 200 13170
"POST /discover HTTP/1.1" 200 14
"GET /discover HTTP/1.1" 200 13170
"POST /discover HTTP/1.1" 200 2459
C:\VSCode stuff\final\tyrusr\event\views.py changed, reloading.
Watching for file changes with StatReloader
"GET /event/1819 HTTP/1.1" 301 0
"GET /event/1819/ HTTP/1.1" 200 12081
"GET /event/1819/ HTTP/1.1" 200 12081
Internal Server Error: /event/119/
Traceback (most recent call last):
  File "C:\Users\User\AppData\Local\Programs\Python\Python311\Lib\site-packages\django\core\handlers\exception.py", line 55, in inner
    response = get_response(request)
               ^^^^^^^^^^^^^^^^^^^^^
  File "C:\Users\User\AppData\Local\Programs\Python\Python311\Lib\site-packages\django\core\handlers\base.py", line 197, in _get_response
    response = wrapped_callback(request, *callback_args, **callback_kwargs)
               ^^^^^^^^^^^^^^^^^^^^^^^^^^^^^^^^^^^^^^^^^^^^^^^^^^^^^^^^^^^^
  File "C:\VSCode stuff\final\tyrusr\event\views.py", line 109, in event
    event = Events.objects.get(id=event_id)
            ^^^^^^^^^^^^^^^^^^^^^^^^^^^^^^^
  File "C:\Users\User\AppData\Local\Programs\Python\Python311\Lib\site-packages\django\db\models\manager.py", line 87, in manager_method
    return getattr(self.get_queryset(), name)(*args, **kwargs)
           ^^^^^^^^^^^^^^^^^^^^^^^^^^^^^^^^^^^^^^^^^^^^^^^^^^^
  File "C:\Users\User\AppData\Local\Programs\Python\Python311\Lib\site-packages\django\db\models\query.py", line 649, in get
    raise self.model.DoesNotExist(
event.models.Events.DoesNotExist: Events matching query does not exist.
"GET /event/119/ HTTP/1.1" 500 75258
Not Found: /event//
"GET /event// HTTP/1.1" 404 3799
Not Found: /event/
"GET /event/ HTTP/1.1" 404 3796
C:\VSCode stuff\final\tyrusr\event\views.py changed, reloading.
Watching for file changes with StatReloader
Not Found: /event/
"GET /event/ HTTP/1.1" 404 3796
"GET / HTTP/1.1" 200 12555
Internal Server Error: /event/1819/
Traceback (most recent call last):
  File "C:\Users\User\AppData\Local\Programs\Python\Python311\Lib\site-packages\django\core\handlers\exception.py", line 55, in inner
    response = get_response(request)
               ^^^^^^^^^^^^^^^^^^^^^
  File "C:\Users\User\AppData\Local\Programs\Python\Python311\Lib\site-packages\django\core\handlers\base.py", line 197, in _get_response
    response = wrapped_callback(request, *callback_args, **callback_kwargs)
               ^^^^^^^^^^^^^^^^^^^^^^^^^^^^^^^^^^^^^^^^^^^^^^^^^^^^^^^^^^^^
  File "C:\VSCode stuff\final\tyrusr\event\views.py", line 107, in event
    if event_id.exists():
       ^^^^^^^^^^^^^^^
AttributeError: 'str' object has no attribute 'exists'
"GET /event/1819/ HTTP/1.1" 500 66120
C:\VSCode stuff\final\tyrusr\event\views.py changed, reloading.
Watching for file changes with StatReloader
"GET /event/1819/ HTTP/1.1" 200 12081
C:\VSCode stuff\final\tyrusr\event\views.py changed, reloading.
Watching for file changes with StatReloader
C:\VSCode stuff\final\tyrusr\event\views.py changed, reloading.
Watching for file changes with StatReloader
C:\VSCode stuff\final\tyrusr\event\views.py changed, reloading.
Watching for file changes with StatReloader
"GET /event/1819/ HTTP/1.1" 200 12140
Not Found: /event/1819/script.js
"GET /event/1819/script.js HTTP/1.1" 404 3838
"GET / HTTP/1.1" 200 12614
Not Found: /script.js
"GET /script.js HTTP/1.1" 404 3805
"GET /discover HTTP/1.1" 200 13229
Not Found: /script.js
"GET /script.js HTTP/1.1" 404 3805
"GET / HTTP/1.1" 200 12614
Not Found: /script.js
"GET /script.js HTTP/1.1" 404 3805
"GET /discover HTTP/1.1" 200 13229
Not Found: /script.js
"GET /script.js HTTP/1.1" 404 3805
"GET /discover HTTP/1.1" 200 13229
Not Found: /script.js
"GET /script.js HTTP/1.1" 404 3805
"GET /discover HTTP/1.1" 200 13235
"GET /static/script.js HTTP/1.1" 200 7185
"POST /discover HTTP/1.1" 200 2459
"GET /event/1119 HTTP/1.1" 301 0
"GET /event/1119/ HTTP/1.1" 200 12155
"GET /static/script.js HTTP/1.1" 304 0
"GET /discover HTTP/1.1" 200 13235
"GET /static/script.js HTTP/1.1" 304 0
"POST /discover HTTP/1.1" 200 2459
"GET /event/1819/ HTTP/1.1" 200 12146
"GET /static/script.js HTTP/1.1" 304 0
"GET /discover HTTP/1.1" 200 13235
"GET /static/script.js HTTP/1.1" 304 0
"POST /discover HTTP/1.1" 200 2459
"GET /event/8804 HTTP/1.1" 301 0
"GET /event/8804/ HTTP/1.1" 200 12148
"GET /static/script.js HTTP/1.1" 304 0
"GET /discover HTTP/1.1" 200 13235
"GET /static/script.js HTTP/1.1" 304 0
"GET / HTTP/1.1" 200 12620
"GET /logout HTTP/1.1" 302 0
"GET / HTTP/1.1" 200 11860
"GET /static/script.js HTTP/1.1" 304 0
"GET /login HTTP/1.1" 200 12480
"POST /login HTTP/1.1" 302 0
"GET / HTTP/1.1" 200 16731
"GET /static/script.js HTTP/1.1" 304 0
"GET /admin/ HTTP/1.1" 200 11270
"GET /static/admin/css/base.css HTTP/1.1" 200 21544
"GET /static/admin/css/responsive.css HTTP/1.1" 200 17905
"GET /static/admin/css/dark_mode.css HTTP/1.1" 200 2682
"GET /static/admin/css/nav_sidebar.css HTTP/1.1" 200 2810
"GET /static/admin/css/dashboard.css HTTP/1.1" 200 441
"GET /static/admin/img/icon-deletelink.svg HTTP/1.1" 200 392
"GET /static/admin/img/icon-changelink.svg HTTP/1.1" 200 380
"GET /static/admin/js/nav_sidebar.js HTTP/1.1" 200 3063
"GET /static/admin/js/theme.js HTTP/1.1" 200 1943
"GET /static/admin/img/icon-addlink.svg HTTP/1.1" 200 331
"GET /admin/event/rsvp/ HTTP/1.1" 200 10671
"GET /static/admin/js/jquery.init.js HTTP/1.1" 200 347
"GET /static/admin/css/changelists.css HTTP/1.1" 200 6811
"GET /static/admin/js/core.js HTTP/1.1" 200 6208
"GET /static/admin/js/actions.js HTTP/1.1" 200 8067
"GET /admin/jsi18n/ HTTP/1.1" 200 3342
"GET /static/admin/js/urlify.js HTTP/1.1" 200 7887
"GET /static/admin/js/filters.js HTTP/1.1" 200 978
"GET /static/admin/js/prepopulate.js HTTP/1.1" 200 1531
"GET /static/admin/js/vendor/jquery/jquery.js HTTP/1.1" 200 285314
"GET /static/admin/js/admin/RelatedObjectLookups.js HTTP/1.1" 200 9042
"GET /static/admin/js/vendor/xregexp/xregexp.js HTTP/1.1" 200 325171
"GET /static/admin/img/tooltag-add.svg HTTP/1.1" 200 331
Not Found: /favicon.ico
- Broken pipe from ('127.0.0.1', 54583)
"POST /admin/event/rsvp/ HTTP/1.1" 200 9054
"GET /static/admin/js/cancel.js HTTP/1.1" 200 884
"POST /admin/event/rsvp/ HTTP/1.1" 302 0
"GET /admin/event/rsvp/ HTTP/1.1" 200 8706
"GET /admin/jsi18n/ HTTP/1.1" 200 3342
"GET /static/admin/img/icon-yes.svg HTTP/1.1" 200 436
"GET / HTTP/1.1" 200 15380
"GET /static/script.js HTTP/1.1" 304 0
"GET / HTTP/1.1" 200 15380
"GET /static/script.js HTTP/1.1" 304 0
"GET /discover HTTP/1.1" 200 13235
"POST /discover HTTP/1.1" 200 2459
"GET /event/1119/ HTTP/1.1" 200 12155
"GET /event/5532 HTTP/1.1" 301 0
"GET /event/5532/ HTTP/1.1" 200 12153
"GET /static/script.js HTTP/1.1" 304 0
"GET /logout HTTP/1.1" 302 0
"GET / HTTP/1.1" 200 11860
"GET /login HTTP/1.1" 200 12480
"POST /login HTTP/1.1" 302 0
"GET / HTTP/1.1" 200 12069
"GET /static/script.js HTTP/1.1" 304 0
Not Found: /favicon.ico
- Broken pipe from ('127.0.0.1', 54585)
"GET /discover HTTP/1.1" 200 13235
"POST /discover HTTP/1.1" 200 2459
"GET /event/1119/ HTTP/1.1" 200 12155
"GET /event/2330 HTTP/1.1" 301 0
"GET /event/2330/ HTTP/1.1" 200 12144
"GET /event/3853 HTTP/1.1" 301 0
"GET /event/3853/ HTTP/1.1" 200 12155
"GET /static/script.js HTTP/1.1" 304 0
"GET /admin/ HTTP/1.1" 302 0
"GET /admin/login/?next=/admin/ HTTP/1.1" 200 3684
"GET /static/admin/css/login.css HTTP/1.1" 200 958
"POST /admin/login/?next=/admin/ HTTP/1.1" 302 0
"GET /admin/ HTTP/1.1" 200 11157
Not Found: /favicon.ico
- Broken pipe from ('127.0.0.1', 54584)
"GET /admin/event/events/ HTTP/1.1" 200 12009
"GET /admin/jsi18n/ HTTP/1.1" 200 3342
"GET /admin/event/events/8804/change/ HTTP/1.1" 200 18967
"GET /static/admin/css/forms.css HTTP/1.1" 200 9090
"GET /admin/jsi18n/ HTTP/1.1" 200 3342
"GET /static/admin/css/widgets.css HTTP/1.1" 200 11800
"GET /static/admin/js/calendar.js HTTP/1.1" 200 9141
"GET /static/admin/js/change_form.js HTTP/1.1" 200 606
"GET /static/admin/js/admin/DateTimeShortcuts.js HTTP/1.1" 200 19319
"GET /static/admin/img/icon-viewlink.svg HTTP/1.1" 200 581
"GET /static/admin/js/prepopulate_init.js HTTP/1.1" 200 586
"GET /static/admin/img/icon-calendar.svg HTTP/1.1" 200 1086
"GET /static/admin/img/icon-clock.svg HTTP/1.1" 200 677
"GET /static/admin/img/calendar-icons.svg HTTP/1.1" 200 1094
"POST /admin/event/events/8804/change/ HTTP/1.1" 302 0
"GET /admin/event/events/ HTTP/1.1" 200 12230
"GET /admin/jsi18n/ HTTP/1.1" 200 3342
"GET / HTTP/1.1" 200 15380
"GET /static/script.js HTTP/1.1" 304 0
"GET /logout HTTP/1.1" 302 0
"GET / HTTP/1.1" 200 11860
"GET /login HTTP/1.1" 200 12480
"POST /login HTTP/1.1" 302 0
"GET / HTTP/1.1" 200 12069
"GET /discover HTTP/1.1" 200 13235
"POST /discover HTTP/1.1" 200 2459
"GET /event/8804/ HTTP/1.1" 200 12147
"GET /static/script.js HTTP/1.1" 304 0
"GET /logout HTTP/1.1" 302 0
"GET / HTTP/1.1" 200 11860
"GET /login HTTP/1.1" 200 12480
"POST /login HTTP/1.1" 302 0
"GET / HTTP/1.1" 200 15380
"GET /event/8804/ HTTP/1.1" 200 12147
"GET /static/script.js HTTP/1.1" 304 0
Not Found: /event/8804/create
"GET /event/8804/create HTTP/1.1" 404 3829
Not Found: /event/8804/create
"GET /event/8804/create HTTP/1.1" 404 3829
"GET /event/8804/ HTTP/1.1" 200 12149
"GET /static/script.js HTTP/1.1" 304 0
"GET /create HTTP/1.1" 200 14081
"GET /discover HTTP/1.1" 200 13237
"GET /logout HTTP/1.1" 302 0
"GET / HTTP/1.1" 200 11860
"GET /login HTTP/1.1" 200 12480
"POST /login HTTP/1.1" 302 0
"GET / HTTP/1.1" 200 12071
"GET /discover HTTP/1.1" 200 13237
"POST /discover HTTP/1.1" 200 2459
"GET /event/8804/ HTTP/1.1" 200 12149
"GET /admin/ HTTP/1.1" 302 0
"GET /admin/login/?next=/admin/ HTTP/1.1" 200 3684
"POST /admin/login/?next=/admin/ HTTP/1.1" 302 0
"GET /admin/ HTTP/1.1" 200 11162
"GET /admin/event/events/ HTTP/1.1" 200 12009
"GET /admin/jsi18n/ HTTP/1.1" 200 3342
- Broken pipe from ('127.0.0.1', 54597)
"GET /admin/event/events/8804/change/ HTTP/1.1" 200 18967
"GET /admin/jsi18n/ HTTP/1.1" 200 3342
"POST /admin/event/events/8804/change/ HTTP/1.1" 302 0
"GET /admin/event/events/ HTTP/1.1" 200 12230
"GET /admin/jsi18n/ HTTP/1.1" 200 3342
"GET /admin/event/events/8804/change/ HTTP/1.1" 200 18967
"GET /admin/jsi18n/ HTTP/1.1" 200 3342
"GET / HTTP/1.1" 200 15382
"GET /static/script.js HTTP/1.1" 304 0
"GET /logout HTTP/1.1" 302 0
"GET / HTTP/1.1" 200 11860
Not Found: /favicon.ico
- Broken pipe from ('127.0.0.1', 54626)
"GET /login HTTP/1.1" 200 12480
"POST /login HTTP/1.1" 302 0
"GET / HTTP/1.1" 200 12071
"GET /discover HTTP/1.1" 200 13237
"POST /discover HTTP/1.1" 200 2459
"GET /event/8804/ HTTP/1.1" 200 12209
Forbidden (CSRF token from the 'X-Csrftoken' HTTP header has incorrect length.): /rsvp/
"POST /rsvp/ HTTP/1.1" 403 2563
Forbidden (CSRF token from the 'X-Csrftoken' HTTP header has incorrect length.): /rsvp/
"POST /rsvp/ HTTP/1.1" 403 2563
Forbidden (CSRF token from the 'X-Csrftoken' HTTP header has incorrect length.): /rsvp/
"POST /rsvp/ HTTP/1.1" 403 2563
Forbidden (CSRF token from the 'X-Csrftoken' HTTP header has incorrect length.): /rsvp/
"POST /rsvp/ HTTP/1.1" 403 2563
Forbidden (CSRF token from the 'X-Csrftoken' HTTP header has incorrect length.): /rsvp/
"POST /rsvp/ HTTP/1.1" 403 2563
Forbidden (CSRF token from the 'X-Csrftoken' HTTP header has incorrect length.): /rsvp/
"POST /rsvp/ HTTP/1.1" 403 2563
Forbidden (CSRF token from the 'X-Csrftoken' HTTP header has incorrect length.): /rsvp/
"POST /rsvp/ HTTP/1.1" 403 2563
Forbidden (CSRF token from the 'X-Csrftoken' HTTP header has incorrect length.): /rsvp/
"POST /rsvp/ HTTP/1.1" 403 2563
Forbidden (CSRF token from the 'X-Csrftoken' HTTP header has incorrect length.): /rsvp/
"POST /rsvp/ HTTP/1.1" 403 2563
Forbidden (CSRF token from the 'X-Csrftoken' HTTP header has incorrect length.): /rsvp/
"POST /rsvp/ HTTP/1.1" 403 2563
"GET / HTTP/1.1" 200 12071
"GET /static/script.js HTTP/1.1" 304 0
Not Found: /favicon.ico
- Broken pipe from ('127.0.0.1', 54623)
"GET /discover HTTP/1.1" 200 13237
"POST /discover HTTP/1.1" 200 2459
"GET /event/8804/ HTTP/1.1" 200 12209
Forbidden (CSRF token from the 'X-Csrftoken' HTTP header has incorrect length.): /rsvp/
"POST /rsvp/ HTTP/1.1" 403 2563
"GET /admin/ HTTP/1.1" 302 0
"GET /event/8804/ HTTP/1.1" 200 12209
"GET /static/script.js HTTP/1.1" 200 7219
Forbidden (CSRF token from the 'X-Csrftoken' HTTP header has incorrect length.): /rsvp/
"POST /rsvp/ HTTP/1.1" 403 2563
Forbidden (CSRF token from the 'X-Csrftoken' HTTP header has incorrect length.): /rsvp/
"POST /rsvp/ HTTP/1.1" 403 2563
Forbidden (CSRF token from the 'X-Csrftoken' HTTP header has incorrect length.): /rsvp/
"POST /rsvp/ HTTP/1.1" 403 2563
C:\VSCode stuff\final\tyrusr\event\views.py changed, reloading.
Watching for file changes with StatReloader
"GET /event/8804/ HTTP/1.1" 200 12209
"GET /static/script.js HTTP/1.1" 200 7219
Forbidden (CSRF token from the 'X-Csrftoken' HTTP header has incorrect length.): /rsvp/
"POST /rsvp/ HTTP/1.1" 403 2563
C:\VSCode stuff\final\tyrusr\event\views.py changed, reloading.
Watching for file changes with StatReloader
Forbidden (CSRF token from the 'X-Csrftoken' HTTP header has incorrect length.): /rsvp/
"POST /rsvp/ HTTP/1.1" 403 2563
"GET /event/8804/ HTTP/1.1" 200 12209
"GET /static/script.js HTTP/1.1" 200 7273
"GET /event/8804/ HTTP/1.1" 200 12209
"GET /static/script.js HTTP/1.1" 200 7273
"GET /event/8804/ HTTP/1.1" 200 12209
"GET /static/script.js HTTP/1.1" 304 0
"GET /event/8804/ HTTP/1.1" 200 12209
"GET /static/script.js HTTP/1.1" 200 7391
Not Found: /favicon.ico
- Broken pipe from ('127.0.0.1', 54757)
"GET /event/8804/ HTTP/1.1" 200 12313
"GET /static/script.js HTTP/1.1" 200 7387
"GET /event/8804/ HTTP/1.1" 200 12313
"GET /static/script.js HTTP/1.1" 304 0
"GET /event/8804/ HTTP/1.1" 200 12313
"GET /static/script.js HTTP/1.1" 200 7355
Not Found: /favicon.ico
- Broken pipe from ('127.0.0.1', 54762)
"GET /event/8804/ HTTP/1.1" 200 12313
"GET /static/script.js HTTP/1.1" 304 0
"GET / HTTP/1.1" 200 12071
"GET /static/script.js HTTP/1.1" 304 0
"GET /discover HTTP/1.1" 200 13237
"GET /static/script.js HTTP/1.1" 304 0
"GET /discover HTTP/1.1" 200 13237
"GET /static/script.js HTTP/1.1" 200 7209
"POST /discover HTTP/1.1" 200 2459
"GET /discover HTTP/1.1" 200 13237
"GET /static/script.js HTTP/1.1" 200 7355
"GET /discover HTTP/1.1" 200 13237
"GET /static/script.js HTTP/1.1" 200 7505
"POST /discover HTTP/1.1" 200 2459
"GET /event/8804/ HTTP/1.1" 200 12313
"GET /static/script.js HTTP/1.1" 304 0
"GET /event/8804/ HTTP/1.1" 200 12313
"GET /static/script.js HTTP/1.1" 200 7379
"GET /event/8804/ HTTP/1.1" 200 12313
"GET /static/script.js HTTP/1.1" 200 7365
"POST /rsvp/ HTTP/1.1" 200 17
C:\VSCode stuff\final\tyrusr\event\views.py changed, reloading.
Watching for file changes with StatReloader
"GET /discover HTTP/1.1" 200 13237
"GET /static/script.js HTTP/1.1" 304 0
"POST /discover HTTP/1.1" 200 2459
"GET /event/1119/ HTTP/1.1" 200 12157
"GET / HTTP/1.1" 200 12624
"GET /static/script.js HTTP/1.1" 304 0
